2018-12-13 16:37:54,189 - __main__ - INFO -1
2018-12-13 16:40:04,703 - __main__ - fun is = INFO - 1
2018-12-13 16:43:25,826 - __main__ - INFO - 3
2018-12-13 16:43:25,827 - __main__ - ERROR - 3ffff
2018-12-13 16:43:25,827 - __main__ - INFO - 1
2018-12-13 16:43:25,827 - __main__ - ERROR - 1ffff
2018-12-13 16:43:25,827 - __main__ - INFO - 2
2018-12-13 16:43:25,827 - __main__ - ERROR - 2ffff
2018-12-13 16:47:26,208 - __main__ - INFO - 3
2018-12-13 16:47:26,208 - __main__ - ERROR - 3ffff
2018-12-13 16:47:26,208 - __main__ - INFO - 1
2018-12-13 16:47:26,209 - __main__ - ERROR - 1ffff
2018-12-13 16:47:26,209 - __main__ - INFO - 2
2018-12-13 16:47:26,209 - __main__ - ERROR - 2ffff
2018-12-13 16:47:51,437 - __main__ - INFO - 3
2018-12-13 16:47:51,437 - __main__ - ERROR - 3ffff
2018-12-13 16:47:51,437 - __main__ - INFO - 1
2018-12-13 16:47:51,437 - __main__ - ERROR - 1ffff
2018-12-13 16:47:51,438 - __main__ - INFO - 2
2018-12-13 16:47:51,438 - __main__ - ERROR - 2ffff
2018-12-13 16:47:55,610 - __main__ - INFO - 3
2018-12-13 16:47:55,610 - __main__ - ERROR - 3ffaefawefff
2018-12-13 16:47:55,611 - __main__ - INFO - 1
2018-12-13 16:47:55,611 - __main__ - ERROR - 1ffff
2018-12-13 16:47:55,611 - __main__ - INFO - 2
2018-12-13 16:47:55,611 - __main__ - ERROR - 2ffff
2018-12-13 16:59:40,684 - __main__ - INFO - 3
2018-12-13 16:59:40,684 - __main__ - ERROR - 3ffaefawefff
2018-12-13 16:59:40,684 - __main__ - INFO - 1
2018-12-13 16:59:40,684 - __main__ - ERROR - 1ffff
2018-12-13 16:59:40,684 - __main__ - INFO - 2
2018-12-13 16:59:40,684 - __main__ - ERROR - 2ffff
